C51 COMPILER V9.52.0.0   UID_CHECK                                                         11/02/2016 11:33:12 PAGE 1   


C51 COMPILER V9.52.0.0, COMPILATION OF MODULE UID_CHECK
OBJECT MODULE PLACED IN .\Output\UID_check.obj
COMPILER INVOKED BY: C:\Keil\C51\BIN\C51.EXE Code\UID_check.C BROWSE INCDIR(..\..\Common;..\..\Include) DEFINE(FOSC_1600
                    -00) DEBUG OBJECTEXTEND PRINT(.\List\UID_check.lst) TABS(2) OBJECT(.\Output\UID_check.obj)

line level    source

   1          #include <stdio.h>
   2          #include "N76E003.h"
   3          #include "Common.h"
   4          #include "Delay.h"
   5          #include "SFR_Macro.h"
   6          #include "Function_Define.h"
   7          
   8          UINT8 UID_BYTE(UINT8 Addr)
   9          {
  10   1          UINT8 DATATEMP;
  11   1          set_IAPEN;
  12   1          IAPAL = Addr;
  13   1          IAPAH = 0x00;
  14   1          IAPCN = READ_UID;
  15   1          set_IAPGO;
  16   1          DATATEMP = IAPFD;
  17   1          clr_IAPEN;
  18   1          return DATATEMP;
  19   1      }
  20          
  21          void main(void)
  22          {
  23   1        UINT8 READ1,READ2;
  24   1        Set_All_GPIO_Quasi_Mode;
  25   1      //---------toggle GPIO1---------  
  26   1        clr_GPIO1;
  27   1        Timer0_Delay1ms(100);
  28   1        set_GPIO1;
  29   1        Timer0_Delay1ms(100);
  30   1        clr_GPIO1;
  31   1        Timer0_Delay1ms(100);
  32   1        set_GPIO1;
  33   1        Timer0_Delay1ms(100);
  34   1      //---------end toggle GPIO1---------
  35   1        
  36   1        READ1 = UID_BYTE(0x02);
  37   1        READ2 = UID_BYTE(0x05);
  38   1        while(1);
  39   1      
  40   1      }


MODULE INFORMATION:   STATIC OVERLAYABLE
   CODE SIZE        =    146    ----
   CONSTANT SIZE    =   ----    ----
   XDATA SIZE       =   ----    ----
   PDATA SIZE       =   ----    ----
   DATA SIZE        =   ----       2
   IDATA SIZE       =   ----    ----
   BIT SIZE         =   ----    ----
END OF MODULE INFORMATION.


C51 COMPILATION COMPLETE.  0 WARNING(S),  0 ERROR(S)
