C51 COMPILER V9.52.0.0   WKT_INT                                                           11/02/2016 11:56:16 PAGE 1   


C51 COMPILER V9.52.0.0, COMPILATION OF MODULE WKT_INT
OBJECT MODULE PLACED IN .\Output\WKT_INT.obj
COMPILER INVOKED BY: C:\Keil\C51\BIN\C51.EXE Code\WKT_INT.c BROWSE INCDIR(..\..\Include;..\..\Common) DEFINE(FOSC_160000
                    -) DEBUG OBJECTEXTEND PRINT(.\LST\WKT_INT.lst) TABS(2) OBJECT(.\Output\WKT_INT.obj)

line level    source

   1          /*--------------------------------------------------------------------------------------------------------
             --*/
   2          /*                                                                                                        
             - */
   3          /* Copyright(c) 2016 Nuvoton Technology Corp. All rights reserved.                                        
             - */
   4          /*                                                                                                        
             - */
   5          /*--------------------------------------------------------------------------------------------------------
             --*/
   6          
   7          //********************************************************************************************************
             -***
   8          //  Nuvoton Technoledge Corp. 
   9          //  Website: http://www.nuvoton.com
  10          //  E-Mail : MicroC-8bit@nuvoton.com
  11          //  Date   : Apr/21/2016
  12          //********************************************************************************************************
             -***
  13          
  14          //********************************************************************************************************
             -***
  15          //  File Function: N76E003 wake up timer interrupt demo code
  16          //********************************************************************************************************
             -***
  17          
  18          #include <stdio.h>
  19          #include "N76E003.h"
  20          #include "Common.h"
  21          #include "Delay.h"
  22          #include "SFR_Macro.h"
  23          #include "Function_Define.h"
  24          
  25          
  26          void WakeUp_Timer_ISR (void)   interrupt 17     //ISR for self wake-up timer
  27          {
  28   1          set_GPIO1;
  29   1          Timer2_Delay1ms(100);
  30   1          clr_GPIO1;
  31   1          Timer2_Delay1ms(100);
  32   1          set_GPIO1;
  33   1          clr_WKTF;                                  //clear interrupt flag   
  34   1      }
  35          
  36          
  37          /*********************************************************************************************************
             -***
  38          *    Main function 
  39          **********************************************************************************************************
             -**/
  40          void main (void)
  41          {
  42   1         
  43   1          Set_All_GPIO_Quasi_Mode;
C51 COMPILER V9.52.0.0   WKT_INT                                                           11/02/2016 11:56:16 PAGE 2   

  44   1      //-----------------------------------------------------
  45   1      //  WKT initial   
  46   1      //-----------------------------------------------------
  47   1          WKCON = 0x02;                     //timer base 10k, Pre-scale = 1/16
  48   1      //    RWK = 0XFF;                     //  if prescale is 0x00, never set RWK = 0xff
  49   1          RWK = 0X00;
  50   1          set_EWKT;                         // enable WKT interrupt
  51   1          set_WKTR;                         // Wake-up timer run 
  52   1          EA = 1;
  53   1          
  54   1          while(1)
  55   1          {
  56   2            set_P04;
  57   2            Timer1_Delay1ms(100);
  58   2            clr_P04;
  59   2            Timer1_Delay1ms(100);
  60   2            set_P04;
  61   2            Timer1_Delay1ms(100);
  62   2            clr_P04;
  63   2          }
  64   1      }
  65          


MODULE INFORMATION:   STATIC OVERLAYABLE
   CODE SIZE        =    156    ----
   CONSTANT SIZE    =   ----    ----
   XDATA SIZE       =   ----    ----
   PDATA SIZE       =   ----    ----
   DATA SIZE        =   ----    ----
   IDATA SIZE       =   ----    ----
   BIT SIZE         =   ----    ----
END OF MODULE INFORMATION.


C51 COMPILATION COMPLETE.  0 WARNING(S),  0 ERROR(S)
