C51 COMPILER V9.56.0.0   COMMON                                                            03/22/2018 15:57:56 PAGE 1   


C51 COMPILER V9.56.0.0, COMPILATION OF MODULE COMMON
OBJECT MODULE PLACED IN .\Output\Common.obj
COMPILER INVOKED BY: C:\Keil_v5\C51\BIN\C51.EXE ..\..\Common\Common.c OPTIMIZE(8,SPEED) BROWSE INCDIR(..\..\Include) DEF
                    -INE(FOSC_160000) DEBUG OBJECTEXTEND PRINT(.\LST\Common.lst) TABS(2) OBJECT(.\Output\Common.obj)

line level    source

   1          /*--------------------------------------------------------------------------------------------------------
             --*/
   2          /*                                                                                                        
             - */
   3          /* Copyright(c) 2016 Nuvoton Technology Corp. All rights reserved.                                        
             - */
   4          /*                                                                                                        
             - */
   5          /*--------------------------------------------------------------------------------------------------------
             --*/
   6          
   7          //********************************************************************************************************
             -***
   8          //  Nuvoton Technoledge Corp. 
   9          //  Website: http://www.nuvoton.com
  10          //  E-Mail : MicroC-8bit@nuvoton.com
  11          //  Date   : Apr/21/2016
  12          //********************************************************************************************************
             -***
  13          
  14          #include <stdio.h>
  15          #include "N76E003.h"
  16          #include "Common.h"
  17          #include "Delay.h"
  18          #include "SFR_Macro.h"
  19          #include "Function_Define.h"
  20          
  21          //----------------------------------------------------------------------------------
  22          // use timer1 as Baudrate generator, Maxmum Baudrate can ???? bps @ 16MHZ
  23          //----------------------------------------------------------------------------------
  24          void InitialUART0_Timer1(UINT32 u32Baudrate)    //T1M = 1, SMOD = 1
  25          {
  26   1          P06_Quasi_Mode;
  27   1          P07_Quasi_Mode;
  28   1        
  29   1          SCON = 0x52;     //UART0 Mode1,REN=1,TI=1
  30   1          TMOD |= 0x20;    //Timer1 Mode1
  31   1          
  32   1          set_SMOD;        //UART0 Double Rate Enable
  33   1          set_T1M;
  34   1          clr_BRCK;        //Serial port 0 baud rate clock source = Timer1
  35   1      
  36   1       
  37   1      #ifdef FOSC_160000
  38   1          TH1 = 256 - (1000000/u32Baudrate+1);               /*16 MHz */
  39   1      #endif      
  40   1      #ifdef FOSC_221184
                  TH1 = 256 - (1382400/u32Baudrate);              /*22.1184 MHz */
              #endif
  43   1          set_TR1;
  44   1      }
  45          //---------------------------------------------------------------
  46          void InitialUART0_Timer3(UINT32 u32Baudrate) //use timer3 as Baudrate generator
  47          {
C51 COMPILER V9.56.0.0   COMMON                                                            03/22/2018 15:57:56 PAGE 2   

  48   1          P06_Quasi_Mode;
  49   1          P07_Quasi_Mode; 
  50   1        
  51   1          SCON = 0x52;     //UART0 Mode1,REN=1,TI=1
  52   1          set_SMOD;        //UART0 Double Rate Enable
  53   1          T3CON &= 0xF8;   //T3PS2=0,T3PS1=0,T3PS0=0(Prescale=1)
  54   1          set_BRCK;        //UART0 baud rate clock source = Timer3
  55   1      
  56   1      #ifdef FOSC_160000
  57   1          RH3    = HIBYTE(65536 - (1000000/u32Baudrate)-1);     /*16 MHz */
  58   1          RL3    = LOBYTE(65536 - (1000000/u32Baudrate)-1);     /*16 MHz */
  59   1      #endif
  60   1      #ifdef FOSC_221184
                  RH3    = HIBYTE(65536 - (1382400/u32Baudrate));   /*22.1184 MHz */
                  RL3    = LOBYTE(65536 - (1382400/u32Baudrate));   /*22.1184 MHz */
              #endif
  64   1          set_TR3;         //Trigger Timer3
  65   1      }
  66          
  67          UINT8 Receive_Data_From_UART0(void)
  68          {
  69   1          UINT8 c;
  70   1          
  71   1          while (!RI);
  72   1          c = SBUF;
  73   1          RI = 0;
  74   1          return (c);
  75   1      }
  76          
  77          void Send_Data_To_UART0 (UINT8 c)
  78          {
  79   1          TI = 0;
  80   1          SBUF = c;
  81   1          while(TI==0);
  82   1      }
  83          
  84          
  85          //---------------------------------------------------------------
  86          void InitialUART1_Timer3(UINT32 u32Baudrate) //use timer3 as Baudrate generator
  87          {
  88   1          P02_Quasi_Mode;
  89   1          P16_Quasi_Mode;
  90   1        
  91   1          SCON_1 = 0x52;   //UART1 Mode1,REN_1=1,TI_1=1
  92   1          T3CON &= 0xF8;   //T3PS2=0,T3PS1=0,T3PS0=0(Prescale=1)
  93   1      #ifdef FOSC_110592
                  RH3    = HIBYTE(65536 - (691200/u32Baudrate));  /*11.0592 MHz */
                  RL3    = LOBYTE(65536 - (691200/u32Baudrate));  /*11.0592 MHz */
              #endif
  97   1      #ifdef FOSC_184320
                  RH3    = HIBYTE(65536 - (1152000/u32Baudrate)); /*18.4320 MHz */
                  RL3    = LOBYTE(65536 - (1152000/u32Baudrate)); /*18.4320 MHz */
              #endif
 101   1      #ifdef FOSC_160000
 102   1          RH3    = HIBYTE(65536 - (1000000/u32Baudrate)-1);     /*16 MHz */
 103   1          RL3    = LOBYTE(65536 - (1000000/u32Baudrate)-1);     /*16 MHz */
 104   1      #endif
 105   1      #ifdef FOSC_200000
                  RH3    = HIBYTE(65536 - (1250000/u32Baudrate)); /*20.0000 MHz */
                  RL3    = LOBYTE(65536 - (1250000/u32Baudrate)); /*20.0000 MHz */
              #endif
 109   1      #ifdef FOSC_221184
C51 COMPILER V9.56.0.0   COMMON                                                            03/22/2018 15:57:56 PAGE 3   

                  RH3    = HIBYTE(65536 - (1382400/u32Baudrate));   /*22.1184 MHz */
                  RL3    = LOBYTE(65536 - (1382400/u32Baudrate));   /*22.1184 MHz */
              #endif
 113   1          set_TR3;         //Trigger Timer3
 114   1      }
 115          
 116          UINT8 Receive_Data_From_UART1(void)
 117          {
 118   1          UINT8 c;
 119   1          
 120   1          while (!RI_1);
 121   1          c = SBUF_1;
 122   1          RI_1 = 0;
 123   1          return (c);
 124   1      }
 125          
 126          void Send_Data_To_UART1 (UINT8 c)
 127          {
 128   1          TI_1 = 0;
 129   1          SBUF_1 = c;
 130   1          while(TI_1==0);
 131   1      }
 132          
 133          
 134          /*==========================================================================*/
 135          #ifdef SW_Reset
              void SW_Reset(void)
              {
                  TA = 0xAA;
                  TA = 0x55;
                  set_SWRST;
              }
              #endif
 143          /*==========================================================================*/


MODULE INFORMATION:   STATIC OVERLAYABLE
   CODE SIZE        =    287    ----
   CONSTANT SIZE    =   ----    ----
   XDATA SIZE       =   ----    ----
   PDATA SIZE       =   ----    ----
   DATA SIZE        =   ----       8
   IDATA SIZE       =   ----    ----
   BIT SIZE         =   ----    ----
END OF MODULE INFORMATION.


C51 COMPILATION COMPLETE.  0 WARNING(S),  0 ERROR(S)
