C51 COMPILER V9.56.0.0   GPIO                                                              01/30/2018 19:29:54 PAGE 1   


C51 COMPILER V9.56.0.0, COMPILATION OF MODULE GPIO
OBJECT MODULE PLACED IN .\Output\GPIO.obj
COMPILER INVOKED BY: C:\Keil_v5\C51\BIN\C51.EXE Code\GPIO.C OPTIMIZE(4,SPEED) BROWSE INCDIR(..\..\Include) DEFINE(FOSC_1
                    -60000) DEBUG OBJECTEXTEND PRINT(.\LST\GPIO.lst) TABS(2) OBJECT(.\Output\GPIO.obj)

line level    source

   1          /*--------------------------------------------------------------------------------------------------------
             --*/
   2          /*                                                                                                        
             - */
   3          /* Copyright(c) 2016 Nuvoton Technology Corp. All rights reserved.                                        
             - */
   4          /*                                                                                                        
             - */
   5          /*--------------------------------------------------------------------------------------------------------
             --*/
   6          
   7          //********************************************************************************************************
             -***
   8          //  Nuvoton Technoledge Corp. 
   9          //  Website: http://www.nuvoton.com
  10          //  E-Mail : MicroC-8bit@nuvoton.com
  11          //  Date   : Apr/21/2016
  12          //********************************************************************************************************
             -***
  13          
  14          //********************************************************************************************************
             -***
  15          //  File Function: N76E003 GPIO demo code
  16          //********************************************************************************************************
             -***
  17          
  18          #include <stdio.h>
  19          #include "N76E003.h"
  20          #include "Common.h"
  21          #include "Delay.h"
  22          #include "SFR_Macro.h"
  23          #include "Function_Define.h"
  24          
  25          
  26          //*****************  The Following is in define in Fucntion_define.h  ***************************
  27          //****** Always include Function_define.h call the define you want, detail see main(void) *******
  28          //***********************************************************************************************
  29          #if 0
              ////------------------- Define Port as Quasi mode  -------------------
              //#define P00_Quasi_Mode        P0M1&=~SET_BIT0;P0M2&=~SET_BIT0
              //#define P01_Quasi_Mode        P0M1&=~SET_BIT1;P0M2&=~SET_BIT1
              //#define P02_Quasi_Mode        P0M1&=~SET_BIT2;P0M2&=~SET_BIT2
              //#define P03_Quasi_Mode        P0M1&=~SET_BIT3;P0M2&=~SET_BIT3
              //#define P04_Quasi_Mode        P0M1&=~SET_BIT4;P0M2&=~SET_BIT4
              //#define P05_Quasi_Mode        P0M1&=~SET_BIT5;P0M2&=~SET_BIT5
              //#define P06_Quasi_Mode        P0M1&=~SET_BIT6;P0M2&=~SET_BIT6
              //#define P07_Quasi_Mode        P0M1&=~SET_BIT7;P0M2&=~SET_BIT7
              //#define P10_Quasi_Mode        P1M1&=~SET_BIT0;P1M2&=~SET_BIT0
              //#define P11_Quasi_Mode        P1M1&=~SET_BIT1;P1M2&=~SET_BIT1
              //#define P12_Quasi_Mode        P1M1&=~SET_BIT2;P1M2&=~SET_BIT2
              //#define P13_Quasi_Mode        P1M1&=~SET_BIT3;P1M2&=~SET_BIT3
              //#define P14_Quasi_Mode        P1M1&=~SET_BIT4;P1M2&=~SET_BIT4
              //#define P15_Quasi_Mode        P1M1&=~SET_BIT5;P1M2&=~SET_BIT5
              //#define P16_Quasi_Mode        P1M1&=~SET_BIT6;P1M2&=~SET_BIT6
C51 COMPILER V9.56.0.0   GPIO                                                              01/30/2018 19:29:54 PAGE 2   

              //#define P17_Quasi_Mode        P1M1&=~SET_BIT7;P1M2&=~SET_BIT7
              //#define P20_Quasi_Mode        P2M1&=~SET_BIT0;P2M2&=~SET_BIT0
              //#define P30_Quasi_Mode        P3M1&=~SET_BIT0;P3M2&=~SET_BIT0
              ////------------------- Define Port as Push Pull mode -------------------
              //#define P00_PushPull_Mode     P0M1|=SET_BIT0;P0M2&=~SET_BIT0
              //#define P01_PushPull_Mode     P0M1|=SET_BIT1;P0M2&=~SET_BIT1
              //#define P02_PushPull_Mode     P0M1&=~SET_BIT2;P0M2|=SET_BIT2
              //#define P03_PushPull_Mode     P0M1&=~SET_BIT3;P0M2|=SET_BIT3
              //#define P04_PushPull_Mode     P0M1&=~SET_BIT4;P0M2|=SET_BIT4
              //#define P05_PushPull_Mode     P0M1&=~SET_BIT5;P0M2|=SET_BIT5
              //#define P06_PushPull_Mode     P0M1&=~SET_BIT6;P0M2|=SET_BIT6
              //#define P07_PushPull_Mode     P0M1&=~SET_BIT7;P0M2|=SET_BIT7
              //#define P10_PushPull_Mode     P1M1&=~SET_BIT0;P1M2|=SET_BIT0
              //#define P11_PushPull_Mode     P1M1&=~SET_BIT1;P1M2|=SET_BIT1
              //#define P12_PushPull_Mode     P1M1&=~SET_BIT2;P1M2|=SET_BIT2
              //#define P13_PushPull_Mode     P1M1&=~SET_BIT3;P1M2|=SET_BIT3
              //#define P14_PushPull_Mode     P1M1&=~SET_BIT4;P1M2|=SET_BIT4
              //#define P15_PushPull_Mode     P1M1&=~SET_BIT5;P1M2|=SET_BIT5
              //#define P16_PushPull_Mode     P1M1&=~SET_BIT6;P1M2|=SET_BIT6
              //#define P17_PushPull_Mode     P1M1&=~SET_BIT7;P1M2|=SET_BIT7
              //#define P20_PushPull_Mode     P2M1&=~SET_BIT0;P2M2|=SET_BIT0
              //#define P30_PushPull_Mode     P3M1&=~SET_BIT0;P3M2|=SET_BIT0
              ////------------------- Define Port as Input Only mode -------------------
              //#define P00_Input_Mode        P0M1|=SET_BIT0;P0M2&=~SET_BIT0
              //#define P01_Input_Mode        P0M1|=SET_BIT1;P0M2&=~SET_BIT1
              //#define P02_Input_Mode        P0M1|=SET_BIT2;P0M2&=~SET_BIT2
              //#define P03_Input_Mode        P0M1|=SET_BIT3;P0M2&=~SET_BIT3
              //#define P04_Input_Mode        P0M1|=SET_BIT4;P0M2&=~SET_BIT4
              //#define P05_Input_Mode        P0M1|=SET_BIT5;P0M2&=~SET_BIT5
              //#define P06_Input_Mode        P0M1|=SET_BIT6;P0M2&=~SET_BIT6
              //#define P07_Input_Mode        P0M1|=SET_BIT7;P0M2&=~SET_BIT7
              //#define P10_Input_Mode        P1M1|=SET_BIT0;P1M2&=~SET_BIT0
              //#define P11_Input_Mode        P1M1|=SET_BIT1;P1M2&=~SET_BIT1
              //#define P12_Input_Mode        P1M1|=SET_BIT2;P1M2&=~SET_BIT2
              //#define P13_Input_Mode        P1M1|=SET_BIT3;P1M2&=~SET_BIT3
              //#define P14_Input_Mode        P1M1|=SET_BIT4;P1M2&=~SET_BIT4
              //#define P15_Input_Mode        P1M1|=SET_BIT5;P1M2&=~SET_BIT5
              //#define P16_Input_Mode        P1M1|=SET_BIT6;P1M2&=~SET_BIT6
              //#define P17_Input_Mode        P1M1|=SET_BIT7;P1M2&=~SET_BIT7
              //#define P20_Input_Mode        P2M1|=SET_BIT0;P2M2&=~SET_BIT0
              //#define P30_Input_Mode        P3M1|=SET_BIT0;P3M2&=~SET_BIT0
              ////-------------------Define Port as Open Drain mode -------------------
              //#define P00_OpenDrain_Mode    P0M1|=SET_BIT0;P0M2|=SET_BIT0
              //#define P01_OpenDrain_Mode    P0M1|=SET_BIT1;P0M2|=SET_BIT1
              //#define P02_OpenDrain_Mode    P0M1|=SET_BIT2;P0M2|=SET_BIT2
              //#define P03_OpenDrain_Mode    P0M1|=SET_BIT3;P0M2|=SET_BIT3
              //#define P04_OpenDrain_Mode    P0M1|=SET_BIT4;P0M2|=SET_BIT4
              //#define P05_OpenDrain_Mode    P0M1|=SET_BIT5;P0M2|=SET_BIT5
              //#define P06_OpenDrain_Mode    P0M1|=SET_BIT6;P0M2|=SET_BIT6
              //#define P07_OpenDrain_Mode    P0M1|=SET_BIT7;P0M2|=SET_BIT7
              //#define P10_OpenDrain_Mode    P1M1|=SET_BIT0;P1M2|=SET_BIT0
              //#define P11_OpenDrain_Mode    P1M1|=SET_BIT1;P1M2|=SET_BIT1
              //#define P12_OpenDrain_Mode    P1M1|=SET_BIT2;P1M2|=SET_BIT2
              //#define P13_OpenDrain_Mode    P1M1|=SET_BIT3;P1M2|=SET_BIT3
              //#define P14_OpenDrain_Mode    P1M1|=SET_BIT4;P1M2|=SET_BIT4
              //#define P15_OpenDrain_Mode    P1M1|=SET_BIT5;P1M2|=SET_BIT5
              //#define P16_OpenDrain_Mode    P1M1|=SET_BIT6;P1M2|=SET_BIT6
              //#define P17_OpenDrain_Mode    P1M1|=SET_BIT7;P1M2|=SET_BIT7
              //#define P20_OpenDrain_Mode    P2M1|=SET_BIT0;P2M2|=SET_BIT0
              //#define P30_OpenDrain_Mode    P3M1|=SET_BIT0;P3M2|=SET_BIT0
              ////--------- Define all port as quasi mode ---------
              //#define Set_All_GPIO_Quasi_Mode     P0M1=0;P0M1=0;P1M1=0;P1M2=0;P2M1=0;P2M2=0;P3M1=0;P3M2=0
C51 COMPILER V9.56.0.0   GPIO                                                              01/30/2018 19:29:54 PAGE 3   

              #endif
 109          
 110          /*------------------------------------------------
 111          The main C function.  Program execution starts
 112          here after stack initialization.
 113          ------------------------------------------------*/
 114          
 115          void main (void) 
 116          {
 117   1        unsigned char i;
 118   1        Set_All_GPIO_Quasi_Mode;          // Define in Function_define.h
 119   1        InitialUART0_Timer3(115200);
 120   1        set_CLOEN;  
 121   1        
 122   1        
 123   1        while(1)
 124   1        {
 125   2          i--;
 126   2            clr_GPIO1;                        // Tiny board GPIO1 LED define in Common.h
 127   2            Timer2_Delay1ms(300);
 128   2            set_GPIO1;
 129   2            Timer2_Delay1ms(300);
 130   2            Send_Data_To_UART0(0x55);         //UART0 send ascii "U"
 131   2          
 132   2          P3M1 = 0xff;
 133   2          P3M2 = 0x00;
 134   2          P3M1 = 0x00;
 135   2          P3M2 = 0x00;
 136   2          if(P30) P10 = 1; 
 137   2          else P10 = 0;
 138   2          i += 6;
 139   2          
 140   2        }
 141   1      }
 142          
 143          
 144          


MODULE INFORMATION:   STATIC OVERLAYABLE
   CODE SIZE        =     86    ----
   CONSTANT SIZE    =   ----    ----
   XDATA SIZE       =   ----    ----
   PDATA SIZE       =   ----    ----
   DATA SIZE        =   ----       1
   IDATA SIZE       =   ----    ----
   BIT SIZE         =   ----    ----
END OF MODULE INFORMATION.


C51 COMPILATION COMPLETE.  0 WARNING(S),  0 ERROR(S)
