C51 COMPILER V9.00   PWM                                                                   12/07/2016 10:47:58 PAGE 1   


C51 COMPILER V9.00, COMPILATION OF MODULE PWM
OBJECT MODULE PLACED IN .\Output\PWM.obj
COMPILER INVOKED BY: d:\Keil\C51\BIN\C51.EXE Code\PWM.c OPTIMIZE(7,SPEED) BROWSE INCDIR(..\..\Include) DEFINE(FOSC_16000
                    -0) DEBUG OBJECTEXTEND PRINT(.\LST\PWM.lst) TABS(2) OBJECT(.\Output\PWM.obj)

line level    source

   1          /*--------------------------------------------------------------------------------------------------------
             --*/
   2          /*                                                                                                        
             - */
   3          /* Copyright(c) 2016 Nuvoton Technology Corp. All rights reserved.                                        
             - */
   4          /*                                                                                                        
             - */
   5          /*--------------------------------------------------------------------------------------------------------
             --*/
   6          
   7          //********************************************************************************************************
             -***
   8          //  Nuvoton Technoledge Corp. 
   9          //  Website: http://www.nuvoton.com
  10          //  E-Mail : MicroC-8bit@nuvoton.com
  11          //  Date   : Apr/21/2016
  12          //********************************************************************************************************
             -***
  13          
  14          //********************************************************************************************************
             -***
  15          //  File Function: N76E003 PWM Output demo code
  16          //********************************************************************************************************
             -***
  17          
  18          #include <stdio.h>
  19          #include "N76E003.h"
  20          #include "Common.h"
  21          #include "Delay.h"
  22          #include "SFR_Macro.h"
  23          #include "Function_Define.h"
  24          
  25          
  26          //*****************  The Following is in define in Fucntion_define.h  ***************************
  27          //****** Always include Function_define.h call the define you want, detail see main(void) *******
  28          //***********************************************************************************************
  29          #if 0 
              //--------- PMW clock source select define ---------------------
              //#define   PWM_CLOCK_FSYS          CKCON&=0xBF
              //#define   PWM_CLOCK_TIMER1        CKCON|=0x40
              ////--------- PWM clock devide define ----------------------------
              //#define   PWM_CLOCK_DIV_2         PWMCON1|=0x01;PWMCON1&=0xF9
              //#define   PWM_CLOCK_DIV_4         PWMCON1|=0x02;PWMCON1&=0xFA
              //#define   PWM_CLOCK_DIV_8         PWMCON1|=0x03;PWMCON1&=0xFB
              //#define   PWM_CLOCK_DIV_16        PWMCON1|=0x04;PWMCON1&=0xFC
              //#define   PWM_CLOCK_DIV_32        PWMCON1|=0x05;PWMCON1&=0xFD
              //#define   PWM_CLOCK_DIV_64        PWMCON1|=0x06;PWMCON1&=0xFE
              //#define   PWM_CLOCK_DIV_128       PWMCON1|=0x07
              ////--------- PWM I/O select define ------------------------------
              //#define   PWM5_P15_OUTPUT_ENABLE    BIT_TMP=EA;EA=0;TA=0xAA;TA=0x55;SFRS|=0x01;PIOCON1|=0x20;TA=0xAA;TA=0x5
             -5;SFRS&=0xFE;EA=BIT_TMP       //P1.5 as PWM5 output enable
              //#define   PWM5_P03_OUTPUT_ENABLE    PIOCON0|=0x20                                                   //P0.3 as PWM5
              //#define   PWM4_P01_OUTPUT_ENABLE    PIOCON0|=0x10                                                   //P0.1 as PWM4 output enable
C51 COMPILER V9.00   PWM                                                                   12/07/2016 10:47:58 PAGE 2   

              //#define   PWM3_P04_OUTPUT_ENABLE    BIT_TMP=EA;EA=0;TA=0xAA;TA=0x55;SFRS|=0x01;PIOCON1|=0x08;TA=0xAA;TA=0x5
             -5;SFRS&=0xFE;EA=BIT_TMP       //P0.4 as PWM3 output enable
              //#define   PWM3_P00_OUTPUT_ENABLE    PIOCON0|=0x08                                                   //P0.0 as PWM3 
              //#define   PWM2_P05_OUTPUT_ENABLE    BIT_TMP=EA;EA=0;TA=0xAA;TA=0x55;SFRS|=0x01;PIOCON1|=0x04;TA=0xAA;TA=0x5
             -5;SFRS&=0xFE;EA=BIT_TMP       //P1.0 as PWM2 output enable
              //#define   PWM2_P10_OUTPUT_ENABLE    PIOCON0|=0x04                                                   //P1.0 as PWM2
              //#define   PWM1_P14_OUTPUT_ENABLE    BIT_TMP=EA;EA=0;TA=0xAA;TA=0x55;SFRS|=0x01;PIOCON1|=0x02;TA=0xAA;TA=0x5
             -5;SFRS&=0xFE;EA=BIT_TMP       //P1.4 as PWM1 output enable
              //#define   PWM1_P11_OUTPUT_ENABLE    PIOCON0|=0x02                                                   //P1.1 as PWM1 
              //#define   PWM0_P12_OUTPUT_ENABLE    PIOCON0|=0x01                                                   //P1.2 as PWM0 output enable
              //#define   ALL_PWM_OUTPUT_ENABLE     PIOCON0=0xFF;PIOCON1=0xFF
              //#define   PWM5_P15_OUTPUT_DISABLE   BIT_TMP=EA;EA=0;TA=0xAA;TA=0x55;SFRS|=0x01;PIOCON1&=0xDF;TA=0xAA;TA=0x
             -55;SFRS&=0xFE;EA=BIT_TMP        //P1.5 as PWM5 output disable
              //#define   PWM5_P03_OUTPUT_DISABLE   PIOCON0&=0xDF                                                   //P0.3 as PWM5
              //#define   PWM4_P01_OUTPUT_DISABLE   PIOCON0&=0xEF                                                   //P0.1 as PWM4 output disable
              //#define   PWM3_P04_OUTPUT_DISABLE   BIT_TMP=EA;EA=0;TA=0xAA;TA=0x55;SFRS|=0x01;PIOCON1&=0xF7;TA=0xAA;TA=0x
             -55;SFRS&=0xFE;EA=BIT_TMP        //P0.4 as PWM3 output disable
              //#define   PWM3_P00_OUTPUT_DISABLE   PIOCON0&=0xF7                                                   //P0.0 as PWM3 
              //#define   PWM2_P05_OUTPUT_DISABLE   BIT_TMP=EA;EA=0;TA=0xAA;TA=0x55;SFRS|=0x01;PIOCON1&=0xFB;TA=0xAA;TA=0x
             -55;SFRS&=0xFE;EA=BIT_TMP        //P1.0 as PWM2 output disable
              //#define   PWM2_P10_OUTPUT_DISABLE   PIOCON0&=0xFB                                                   //P1.0 as PWM2
              //#define   PWM1_P14_OUTPUT_DISABLE   BIT_TMP=EA;EA=0;TA=0xAA;TA=0x55;SFRS|=0x01;PIOCON1&=0xFD;TA=0xAA;TA=0x
             -55;SFRS&=0xFE;EA=BIT_TMP        //P1.4 as PWM1 output disable
              //#define   PWM1_P11_OUTPUT_DISABLE   PIOCON0&=0xFD                                                   //P1.1 as PWM1 
              //#define   PWM0_P12_OUTPUT_DISABLE   PIOCON0&=0xFE                                                   //P1.2 as PWM0 output disable
              //#define   ALL_PWM_OUTPUT_DISABLE    PIOCON0=0x00;PIOCON1=0x00
              ////--------- PWM I/O Polarity Control ---------------------------
              //#define   PWM5_OUTPUT_INVERSE     PNP|=0x20       
              //#define   PWM4_OUTPUT_INVERSE     PNP|=0x10       
              //#define   PWM3_OUTPUT_INVERSE     PNP|=0x08       
              //#define   PWM2_OUTPUT_INVERSE     PNP|=0x04       
              //#define   PWM1_OUTPUT_INVERSE     PNP|=0x02       
              //#define   PWM0_OUTPUT_INVERSE     PNP|=0x01       
              //#define   PWM_OUTPUT_ALL_INVERSE  PNP=0xFF
              //#define   PWM5_OUTPUT_NORMAL      PNP&=0xDF       
              //#define   PWM4_OUTPUT_NORMAL      PNP&=0xEF       
              //#define   PWM3_OUTPUT_NORMAL      PNP&=0xF7       
              //#define   PWM2_OUTPUT_NORMAL      PNP&=0xFB       
              //#define   PWM1_OUTPUT_NORMAL      PNP&=0xFD       
              //#define   PWM0_OUTPUT_NORMAL      PNP&=0xFE       
              //#define   PWM_OUTPUT_ALL_NORMAL   PNP=0x00
              ////--------- PWM type define ------------------------------------
              //#define   PWM_EDGE_TYPE           PWMCON1&=~SET_BIT4
              //#define   PWM_CENTER_TYPE         PWMCON1|=SET_BIT4
              ////--------- PWM mode define ------------------------------------
              //#define   PWM_IMDEPENDENT_MODE    PWMCON1&=0x3F
              //#define   PWM_COMPLEMENTARY_MODE  PWMCON1|=0x40;PWMCON1&=0x7F
              //#define   PWM_SYNCHRONIZED_MODE   PWMCON1|=0x80;PWMCON1&=0xBF
              //#define   PWM_GP_MODE_ENABLE      PWMCON1|=0x20
              //#define   PWM_GP_MODE_DISABLE     PWMCON1&=0xDF
              ////--------- PMW interrupt setting ------------------------------
              //#define   PWM_FALLING_INT         PWMCON0&=0xF3
              //#define   PWM_RISING_INT          PWMCON0|=0x04;PWMCON0&=0xF7
              //#define   PWM_CENTRAL_POINT_INT   PWMCON0|=0x08;PWMCON0&=0xFB
              //#define   PWM_PERIOD_END_INT      PWMCON0|=0x0C
              ////--------- PWM interrupt pin select ---------------------------
              //#define   PWM_INT_PWM0            PWMCON0&=0xFC
              //#define   PWM_INT_PWM2            PWMCON0|=0x01;PWMCON0&=0xFD
              //#define   PWM_INT_PWM4            PWMCON0|=0x02;PWMCON0&=0xFE
              //#define   PWM_INT_PMW6            PWMCON0|=0x03
              ////--------- PWM Dead time setting ------------------------------
              //#define   PWM45_DEADTIME_ENABLE     BIT_TMP=EA;EA=0;TA=0xAA;TA=0x55;PDTEN|=0x04;EA=BIT_TMP
C51 COMPILER V9.00   PWM                                                                   12/07/2016 10:47:58 PAGE 3   

              //#define   PWM34_DEADTIME_ENABLE     BIT_TMP=EA;EA=0;TA=0xAA;TA=0x55;PDTEN|=0x02;EA=BIT_TMP
              //#define   PWM01_DEADTIME_ENABLE     BIT_TMP=EA;EA=0;TA=0xAA;TA=0x55;PDTEN|=0x01;EA=BIT_TMP
              #endif
 103          
 104          
 105          /*********************************************************************************************************
             -***
 106          *   PWM interrupt subroutine
 107          **********************************************************************************************************
             -**/
 108          void PWM_ISR (void) interrupt 13
 109          {
 110   1          clr_PWMF;               // clear PWM interrupt flag
 111   1          P12 = ~P12;             // GPIO1 show PWM INT
 112   1      }
 113          
 114          /*********************************************************************************************************
             -***
 115          *    Main function 
 116          **********************************************************************************************************
             -**/
 117          void main(void)
 118          {
 119   1          Set_All_GPIO_Quasi_Mode;
 120   1      /**********************************************************************
 121   1        PWM frequency = Fpwm/((PWMPH,PWMPL) + 1) <Fpwm = Fsys/PWM_CLOCK_DIV> 
 122   1                      = (22.1184MHz/8)/(0x3FF + 1)
 123   1                      = 2.7KHz
 124   1      ***********************************************************************/
 125   1          PWM2_P10_OUTPUT_ENABLE;
 126   1          PWM_INT_PWM2; 
 127   1          PWM_FALLING_INT;          //Setting Interrupt happen when PWM0 falling signal
 128   1        
 129   1          PWM_CLOCK_DIV_8;
 130   1          PWMPH = 0x03;             //Setting PWM period
 131   1          PWMPL = 0xFF;
 132   1          PWM0H = 0x00;             //PWM0 high duty = 1/2 PWM period
 133   1          PWM0L = 0x0F; 
 134   1      
 135   1      //    set_EPWM;                 //Enable PWM interrupt
 136   1      //    set_EA;                 
 137   1      //    set_LOAD;
 138   1      //    set_PWMRUN;
 139   1          while(1)
 140   1          {
 141   2            if(P00) P12 = 1;
 142   2            else P12 = 0;
 143   2        
 144   2          }
 145   1      }


MODULE INFORMATION:   STATIC OVERLAYABLE
   CODE SIZE        =     60    ----
   CONSTANT SIZE    =   ----    ----
   XDATA SIZE       =   ----    ----
   PDATA SIZE       =   ----    ----
   DATA SIZE        =   ----    ----
   IDATA SIZE       =   ----    ----
   BIT SIZE         =   ----    ----
END OF MODULE INFORMATION.


C51 COMPILATION COMPLETE.  0 WARNING(S),  0 ERROR(S)
